Build started 2/11/2012 9:19:30 PM.
     1>Project "C:\Users\Jon\Academica\CPS 151 Algrothems and Programing II\Sudoku_Game\Sudoku_Game\Sudoku_Game.vcxproj" on node 2 (rebuild target(s)).
     1>_PrepareForClean:
         Deleting file "Debug\Sudoku_Game.lastbuildstate".
       InitializeBuildStatus:
         Creating "Debug\Sudoku_Game.unsuccessfulbuild" because "AlwaysCreate" was specified.
       ClCompile:
         c:\Program Files\Microsoft Visual Studio 10.0\VC\bin\CL.exe /c /ZI /nologo /W3 /WX- /Od /Oy- /D WIN32 /D _DEBUG /D _CONSOLE /D _UNICODE /D UNICODE /Gm /EHsc /RTC1 /MDd /GS /fp:precise /Zc:wchar_t /Zc:forScope /Fo"Debug\\" /Fd"Debug\vc100.pdb" /Gd /TP /analyze- /errorReport:prompt Sudoku.cpp
         Sudoku.cpp
       ManifestResourceCompile:
         C:\Program Files\Microsoft SDKs\Windows\v7.0A\bin\rc.exe /nologo /fo"Debug\Sudoku_Game.exe.embed.manifest.res" Debug\Sudoku_Game_manifest.rc 
       Link:
         c:\Program Files\Microsoft Visual Studio 10.0\VC\bin\link.exe /ERRORREPORT:PROMPT /OUT:"C:\Users\Jon\Academica\CPS 151 Algrothems and Programing II\Sudoku_Game\Debug\Sudoku_Game.exe" /INCREMENTAL /NOLOGO kernel32.lib user32.lib gdi32.lib winspool.lib comdlg32.lib advapi32.lib shell32.lib ole32.lib oleaut32.lib uuid.lib odbc32.lib odbccp32.lib /MANIFEST /ManifestFile:"Debug\Sudoku_Game.exe.intermediate.manifest" /MANIFESTUAC:"level='asInvoker' uiAccess='false'" /DEBUG /PDB:"C:\Users\Jon\Academica\CPS 151 Algrothems and Programing II\Sudoku_Game\Debug\Sudoku_Game.pdb" /SUBSYSTEM:CONSOLE /TLBID:1 /DYNAMICBASE /NXCOMPAT /IMPLIB:"C:\Users\Jon\Academica\CPS 151 Algrothems and Programing II\Sudoku_Game\Debug\Sudoku_Game.lib" /MACHINE:X86 Debug\Sudoku_Game.exe.embed.manifest.res
         Debug\Sudoku.obj
       Manifest:
         Deleting file "Debug\Sudoku_Game.exe.embed.manifest".
         C:\Program Files\Microsoft SDKs\Windows\v7.0A\bin\mt.exe /nologo /verbose /out:"Debug\Sudoku_Game.exe.embed.manifest" /manifest Debug\Sudoku_Game.exe.intermediate.manifest
         C:\Program Files\Microsoft SDKs\Windows\v7.0A\bin\rc.exe /nologo /fo"Debug\Sudoku_Game.exe.embed.manifest.res" Debug\Sudoku_Game_manifest.rc 
       LinkEmbedManifest:
         c:\Program Files\Microsoft Visual Studio 10.0\VC\bin\link.exe /ERRORREPORT:PROMPT /OUT:"C:\Users\Jon\Academica\CPS 151 Algrothems and Programing II\Sudoku_Game\Debug\Sudoku_Game.exe" /INCREMENTAL /NOLOGO kernel32.lib user32.lib gdi32.lib winspool.lib comdlg32.lib advapi32.lib shell32.lib ole32.lib oleaut32.lib uuid.lib odbc32.lib odbccp32.lib /MANIFEST /ManifestFile:"Debug\Sudoku_Game.exe.intermediate.manifest" /MANIFESTUAC:"level='asInvoker' uiAccess='false'" /DEBUG /PDB:"C:\Users\Jon\Academica\CPS 151 Algrothems and Programing II\Sudoku_Game\Debug\Sudoku_Game.pdb" /SUBSYSTEM:CONSOLE /TLBID:1 /DYNAMICBASE /NXCOMPAT /IMPLIB:"C:\Users\Jon\Academica\CPS 151 Algrothems and Programing II\Sudoku_Game\Debug\Sudoku_Game.lib" /MACHINE:X86 Debug\Sudoku_Game.exe.embed.manifest.res
         Debug\Sudoku.obj
         Sudoku_Game.vcxproj -> C:\Users\Jon\Academica\CPS 151 Algrothems and Programing II\Sudoku_Game\Debug\Sudoku_Game.exe
       FinalizeBuildStatus:
         Deleting file "Debug\Sudoku_Game.unsuccessfulbuild".
         Touching "Debug\Sudoku_Game.lastbuildstate".
     1>Done Building Project "C:\Users\Jon\Academica\CPS 151 Algrothems and Programing II\Sudoku_Game\Sudoku_Game\Sudoku_Game.vcxproj" (rebuild target(s)).

Build succeeded.

Time Elapsed 00:00:01.93
