C:\USERS\JON\ACADEMICA\CPS 151 ALGROTHEMS AND PROGRAMING II\SUDOKU_GAME\DEBUG\SUDOKU_GAME.EXE
C:\USERS\JON\ACADEMICA\CPS 151 ALGROTHEMS AND PROGRAMING II\SUDOKU_GAME\DEBUG\SUDOKU_GAME.ILK
C:\USERS\JON\ACADEMICA\CPS 151 ALGROTHEMS AND PROGRAMING II\SUDOKU_GAME\DEBUG\SUDOKU_GAME.PDB
C:\Users\Jon\Academica\CPS 151 Algrothems and Programing II\Sudoku_Game\Sudoku_Game\Debug\cl.command.1.tlog
C:\Users\Jon\Academica\CPS 151 Algrothems and Programing II\Sudoku_Game\Sudoku_Game\Debug\CL.read.1.tlog
C:\Users\Jon\Academica\CPS 151 Algrothems and Programing II\Sudoku_Game\Sudoku_Game\Debug\CL.write.1.tlog
C:\Users\Jon\Academica\CPS 151 Algrothems and Programing II\Sudoku_Game\Sudoku_Game\Debug\link.5812.read.1.tlog
C:\Users\Jon\Academica\CPS 151 Algrothems and Programing II\Sudoku_Game\Sudoku_Game\Debug\link.5812.write.1.tlog
C:\Users\Jon\Academica\CPS 151 Algrothems and Programing II\Sudoku_Game\Sudoku_Game\Debug\link.5812-cvtres.read.1.tlog
C:\Users\Jon\Academica\CPS 151 Algrothems and Programing II\Sudoku_Game\Sudoku_Game\Debug\link.5812-cvtres.write.1.tlog
C:\Users\Jon\Academica\CPS 151 Algrothems and Programing II\Sudoku_Game\Sudoku_Game\Debug\link.command.1.tlog
C:\Users\Jon\Academica\CPS 151 Algrothems and Programing II\Sudoku_Game\Sudoku_Game\Debug\link.read.1.tlog
C:\Users\Jon\Academica\CPS 151 Algrothems and Programing II\Sudoku_Game\Sudoku_Game\Debug\link.write.1.tlog
C:\Users\Jon\Academica\CPS 151 Algrothems and Programing II\Sudoku_Game\Sudoku_Game\Debug\link-cvtres.read.1.tlog
C:\Users\Jon\Academica\CPS 151 Algrothems and Programing II\Sudoku_Game\Sudoku_Game\Debug\link-cvtres.write.1.tlog
C:\Users\Jon\Academica\CPS 151 Algrothems and Programing II\Sudoku_Game\Sudoku_Game\Debug\mt.command.1.tlog
C:\Users\Jon\Academica\CPS 151 Algrothems and Programing II\Sudoku_Game\Sudoku_Game\Debug\mt.read.1.tlog
C:\Users\Jon\Academica\CPS 151 Algrothems and Programing II\Sudoku_Game\Sudoku_Game\Debug\mt.write.1.tlog
C:\Users\Jon\Academica\CPS 151 Algrothems and Programing II\Sudoku_Game\Sudoku_Game\Debug\rc.command.1.tlog
C:\Users\Jon\Academica\CPS 151 Algrothems and Programing II\Sudoku_Game\Sudoku_Game\Debug\rc.read.1.tlog
C:\Users\Jon\Academica\CPS 151 Algrothems and Programing II\Sudoku_Game\Sudoku_Game\Debug\rc.write.1.tlog
C:\USERS\JON\ACADEMICA\CPS 151 ALGROTHEMS AND PROGRAMING II\SUDOKU_GAME\SUDOKU_GAME\DEBUG\SUDOKU.OBJ
C:\USERS\JON\ACADEMICA\CPS 151 ALGROTHEMS AND PROGRAMING II\SUDOKU_GAME\SUDOKU_GAME\DEBUG\SUDOKU_GAME.EXE.EMBED.MANIFEST
C:\USERS\JON\ACADEMICA\CPS 151 ALGROTHEMS AND PROGRAMING II\SUDOKU_GAME\SUDOKU_GAME\DEBUG\SUDOKU_GAME.EXE.EMBED.MANIFEST.RES
C:\USERS\JON\ACADEMICA\CPS 151 ALGROTHEMS AND PROGRAMING II\SUDOKU_GAME\SUDOKU_GAME\DEBUG\SUDOKU_GAME.EXE.INTERMEDIATE.MANIFEST
C:\Users\Jon\Academica\CPS 151 Algrothems and Programing II\Sudoku_Game\Sudoku_Game\Debug\Sudoku_Game_manifest.rc
C:\Users\Jon\Academica\CPS 151 Algrothems and Programing II\Sudoku_Game\Sudoku_Game\Debug\vc100.idb
C:\USERS\JON\ACADEMICA\CPS 151 ALGROTHEMS AND PROGRAMING II\SUDOKU_GAME\SUDOKU_GAME\DEBUG\VC100.PDB
